[debug] [2019-09-06T13:12:29.350Z] ----------------------------------------------------------------------
[debug] [2019-09-06T13:12:29.355Z] Command:       /opt/nodejs/node-v10.16.0-linux-x64/bin/node /opt/nodejs/node-v10.16.0-linux-x64/bin/firebase serve
[debug] [2019-09-06T13:12:29.355Z] CLI Version:   7.3.0
[debug] [2019-09-06T13:12:29.355Z] Platform:      linux
[debug] [2019-09-06T13:12:29.355Z] Node Version:  v10.16.0
[debug] [2019-09-06T13:12:29.356Z] Time:          Fri Sep 06 2019 08:12:29 GMT-0500 (GMT-05:00)
[debug] [2019-09-06T13:12:29.356Z] ----------------------------------------------------------------------
[debug] 
[debug] [2019-09-06T13:12:29.428Z] > command requires scopes: ["email","openid","https://www.googleapis.com/auth/cloudplatformprojects.readonly","https://www.googleapis.com/auth/firebase","https://www.googleapis.com/auth/cloud-platform"]
[debug] [2019-09-06T13:12:29.429Z] > authorizing via signed-in user
[debug] [2019-09-06T13:12:29.429Z] [iam] checking project angular-crud-firebase-9d4e9 for permissions ["firebase.projects.get"]
[debug] [2019-09-06T13:12:29.432Z] > refreshing access token with scopes: ["email","https://www.googleapis.com/auth/cloud-platform","https://www.googleapis.com/auth/cloudplatformprojects.readonly","https://www.googleapis.com/auth/firebase","openid"]
[debug] [2019-09-06T13:12:29.432Z] >>> HTTP REQUEST POST https://www.googleapis.com/oauth2/v3/token  
 <request body omitted>
[debug] [2019-09-06T13:12:29.846Z] <<< HTTP RESPONSE 200
[debug] [2019-09-06T13:12:29.899Z] >>> HTTP REQUEST POST https://cloudresourcemanager.googleapis.com/v1/projects/angular-crud-firebase-9d4e9:testIamPermissions  

[debug] [2019-09-06T13:12:30.418Z] <<< HTTP RESPONSE 200
[debug] [2019-09-06T13:12:30.423Z] >>> HTTP REQUEST GET https://firebase.googleapis.com/v1beta1/projects/angular-crud-firebase-9d4e9  
 
[debug] [2019-09-06T13:12:31.766Z] <<< HTTP RESPONSE 200
[info] 
[info] === Serving from '/home/sebastian/Proyectos/Angular/angular-crud-firebase'...
[info] 
[debug] [2019-09-06T13:12:31.773Z] >>> HTTP REQUEST GET https://firebase.googleapis.com/v1beta1/projects/angular-crud-firebase-9d4e9/webApps/-/config  
 
[debug] [2019-09-06T13:13:56.073Z] ----------------------------------------------------------------------
[debug] [2019-09-06T13:13:56.078Z] Command:       /opt/nodejs/node-v10.16.0-linux-x64/bin/node /opt/nodejs/node-v10.16.0-linux-x64/bin/firebase serve
[debug] [2019-09-06T13:13:56.079Z] CLI Version:   7.3.0
[debug] [2019-09-06T13:13:56.079Z] Platform:      linux
[debug] [2019-09-06T13:13:56.079Z] Node Version:  v10.16.0
[debug] [2019-09-06T13:13:56.079Z] Time:          Fri Sep 06 2019 08:13:56 GMT-0500 (GMT-05:00)
[debug] [2019-09-06T13:13:56.080Z] ----------------------------------------------------------------------
[debug] 
[debug] [2019-09-06T13:13:56.091Z] > command requires scopes: ["email","openid","https://www.googleapis.com/auth/cloudplatformprojects.readonly","https://www.googleapis.com/auth/firebase","https://www.googleapis.com/auth/cloud-platform"]
[debug] [2019-09-06T13:13:56.092Z] > authorizing via signed-in user
[debug] [2019-09-06T13:13:56.092Z] [iam] checking project angular-crud-firebase-9d4e9 for permissions ["firebase.projects.get"]
[debug] [2019-09-06T13:13:56.095Z] >>> HTTP REQUEST POST https://cloudresourcemanager.googleapis.com/v1/projects/angular-crud-firebase-9d4e9:testIamPermissions  

[debug] [2019-09-06T13:13:56.697Z] <<< HTTP RESPONSE 200
[debug] [2019-09-06T13:13:56.700Z] >>> HTTP REQUEST GET https://firebase.googleapis.com/v1beta1/projects/angular-crud-firebase-9d4e9  
 
[debug] [2019-09-06T13:14:18.713Z] ----------------------------------------------------------------------
[debug] [2019-09-06T13:14:18.719Z] Command:       /opt/nodejs/node-v10.16.0-linux-x64/bin/node /opt/nodejs/node-v10.16.0-linux-x64/bin/firebase serve --debug
[debug] [2019-09-06T13:14:18.719Z] CLI Version:   7.3.0
[debug] [2019-09-06T13:14:18.720Z] Platform:      linux
[debug] [2019-09-06T13:14:18.720Z] Node Version:  v10.16.0
[debug] [2019-09-06T13:14:18.720Z] Time:          Fri Sep 06 2019 08:14:18 GMT-0500 (GMT-05:00)
[debug] [2019-09-06T13:14:18.720Z] ----------------------------------------------------------------------
[debug] 
[debug] [2019-09-06T13:14:18.733Z] > command requires scopes: ["email","openid","https://www.googleapis.com/auth/cloudplatformprojects.readonly","https://www.googleapis.com/auth/firebase","https://www.googleapis.com/auth/cloud-platform"]
[debug] [2019-09-06T13:14:18.734Z] > authorizing via signed-in user
[debug] [2019-09-06T13:14:18.734Z] [iam] checking project angular-crud-firebase-9d4e9 for permissions ["firebase.projects.get"]
[debug] [2019-09-06T13:14:18.736Z] >>> HTTP REQUEST POST https://cloudresourcemanager.googleapis.com/v1/projects/angular-crud-firebase-9d4e9:testIamPermissions  

[debug] [2019-09-06T13:14:19.205Z] <<< HTTP RESPONSE 200
[debug] [2019-09-06T13:14:19.209Z] >>> HTTP REQUEST GET https://firebase.googleapis.com/v1beta1/projects/angular-crud-firebase-9d4e9  
 
[debug] [2019-09-06T13:14:19.691Z] <<< HTTP RESPONSE 200
[info] 
[info] === Serving from '/home/sebastian/Proyectos/Angular/angular-crud-firebase'...
[info] 
[debug] [2019-09-06T13:14:19.698Z] >>> HTTP REQUEST GET https://firebase.googleapis.com/v1beta1/projects/angular-crud-firebase-9d4e9/webApps/-/config  
 
[debug] [2019-09-06T13:15:01.750Z] ----------------------------------------------------------------------
[debug] [2019-09-06T13:15:01.754Z] Command:       /opt/nodejs/node-v10.16.0-linux-x64/bin/node /opt/nodejs/node-v10.16.0-linux-x64/bin/firebase serve --debug
[debug] [2019-09-06T13:15:01.755Z] CLI Version:   7.3.0
[debug] [2019-09-06T13:15:01.755Z] Platform:      linux
[debug] [2019-09-06T13:15:01.755Z] Node Version:  v10.16.0
[debug] [2019-09-06T13:15:01.755Z] Time:          Fri Sep 06 2019 08:15:01 GMT-0500 (GMT-05:00)
[debug] [2019-09-06T13:15:01.756Z] ----------------------------------------------------------------------
[debug] 
[debug] [2019-09-06T13:15:01.765Z] > command requires scopes: ["email","openid","https://www.googleapis.com/auth/cloudplatformprojects.readonly","https://www.googleapis.com/auth/firebase","https://www.googleapis.com/auth/cloud-platform"]
[debug] [2019-09-06T13:15:01.765Z] > authorizing via signed-in user
[debug] [2019-09-06T13:15:01.766Z] [iam] checking project angular-crud-firebase-9d4e9 for permissions ["firebase.projects.get"]
[debug] [2019-09-06T13:15:01.770Z] >>> HTTP REQUEST POST https://cloudresourcemanager.googleapis.com/v1/projects/angular-crud-firebase-9d4e9:testIamPermissions  

[debug] [2019-09-06T13:15:02.249Z] <<< HTTP RESPONSE 200
[debug] [2019-09-06T13:15:02.255Z] >>> HTTP REQUEST GET https://firebase.googleapis.com/v1beta1/projects/angular-crud-firebase-9d4e9  
 
[debug] [2019-09-06T13:15:02.737Z] <<< HTTP RESPONSE 200
[info] 
[info] === Serving from '/home/sebastian/Proyectos/Angular/angular-crud-firebase'...
[info] 
[debug] [2019-09-06T13:15:02.746Z] >>> HTTP REQUEST GET https://firebase.googleapis.com/v1beta1/projects/angular-crud-firebase-9d4e9/webApps/-/config  
 
[debug] [2019-09-06T13:15:03.353Z] <<< HTTP RESPONSE 200
[info] i  hosting: Serving hosting files from: dist/angular-crud-firebase
[info] ✔  hosting: Local server: http://localhost:5000
[info] Shutting down...
[info] Shutting down...
[info] Shutting down...
[debug] [2019-09-06T13:45:20.560Z] ----------------------------------------------------------------------
[debug] [2019-09-06T13:45:20.563Z] Command:       /opt/nodejs/node-v10.16.0-linux-x64/bin/node /opt/nodejs/node-v10.16.0-linux-x64/bin/firebase deploy --only hosting
[debug] [2019-09-06T13:45:20.563Z] CLI Version:   7.3.0
[debug] [2019-09-06T13:45:20.563Z] Platform:      linux
[debug] [2019-09-06T13:45:20.563Z] Node Version:  v10.16.0
[debug] [2019-09-06T13:45:20.563Z] Time:          Fri Sep 06 2019 08:45:20 GMT-0500 (GMT-05:00)
[debug] [2019-09-06T13:45:20.563Z] ----------------------------------------------------------------------
[debug] 
[debug] [2019-09-06T13:45:20.571Z] > command requires scopes: ["email","openid","https://www.googleapis.com/auth/cloudplatformprojects.readonly","https://www.googleapis.com/auth/firebase","https://www.googleapis.com/auth/cloud-platform"]
[debug] [2019-09-06T13:45:20.571Z] > authorizing via signed-in user
[debug] [2019-09-06T13:45:20.572Z] [iam] checking project angular-crud-firebase-9d4e9 for permissions ["firebase.projects.get","firebasehosting.sites.update"]
[debug] [2019-09-06T13:45:20.573Z] >>> HTTP REQUEST POST https://cloudresourcemanager.googleapis.com/v1/projects/angular-crud-firebase-9d4e9:testIamPermissions  

[debug] [2019-09-06T13:45:28.047Z] <<< HTTP RESPONSE 200
[debug] [2019-09-06T13:45:28.050Z] >>> HTTP REQUEST GET https://firebase.googleapis.com/v1beta1/projects/angular-crud-firebase-9d4e9  
 
[debug] [2019-09-06T13:45:28.545Z] <<< HTTP RESPONSE 200
[info] 
[info] === Deploying to 'angular-crud-firebase-9d4e9'...
[info] 
[info] i  deploying hosting
[debug] [2019-09-06T13:45:28.559Z] >>> HTTP REQUEST POST https://firebasehosting.googleapis.com/v1beta1/sites/angular-crud-firebase-9d4e9/versions  

