[debug] [2019-09-08T17:37:17.839Z] ----------------------------------------------------------------------
[debug] [2019-09-08T17:37:17.848Z] Command:       /opt/nodejs/node-v10.16.0-linux-x64/bin/node /opt/nodejs/node-v10.16.0-linux-x64/bin/firebase serve --debug
[debug] [2019-09-08T17:37:17.849Z] CLI Version:   7.3.0
[debug] [2019-09-08T17:37:17.850Z] Platform:      linux
[debug] [2019-09-08T17:37:17.850Z] Node Version:  v10.16.0
[debug] [2019-09-08T17:37:17.851Z] Time:          Sun Sep 08 2019 12:37:17 GMT-0500 (GMT-05:00)
[debug] [2019-09-08T17:37:17.851Z] ----------------------------------------------------------------------
[debug] 
[debug] [2019-09-08T17:37:17.865Z] > command requires scopes: ["email","openid","https://www.googleapis.com/auth/cloudplatformprojects.readonly","https://www.googleapis.com/auth/firebase","https://www.googleapis.com/auth/cloud-platform"]
[debug] [2019-09-08T17:37:17.866Z] > authorizing via signed-in user
[debug] [2019-09-08T17:37:17.866Z] [iam] checking project angular-crud-firebase-9d4e9 for permissions ["firebase.projects.get"]
[debug] [2019-09-08T17:37:17.870Z] >>> HTTP REQUEST POST https://cloudresourcemanager.googleapis.com/v1/projects/angular-crud-firebase-9d4e9:testIamPermissions  

[debug] [2019-09-08T17:37:44.178Z] ----------------------------------------------------------------------
[debug] [2019-09-08T17:37:44.193Z] Command:       /opt/nodejs/node-v10.16.0-linux-x64/bin/node /opt/nodejs/node-v10.16.0-linux-x64/bin/firebase serve --debug
[debug] [2019-09-08T17:37:44.194Z] CLI Version:   7.3.0
[debug] [2019-09-08T17:37:44.194Z] Platform:      linux
[debug] [2019-09-08T17:37:44.194Z] Node Version:  v10.16.0
[debug] [2019-09-08T17:37:44.195Z] Time:          Sun Sep 08 2019 12:37:44 GMT-0500 (GMT-05:00)
[debug] [2019-09-08T17:37:44.196Z] ----------------------------------------------------------------------
[debug] 
[debug] [2019-09-08T17:37:44.216Z] > command requires scopes: ["email","openid","https://www.googleapis.com/auth/cloudplatformprojects.readonly","https://www.googleapis.com/auth/firebase","https://www.googleapis.com/auth/cloud-platform"]
[debug] [2019-09-08T17:37:44.218Z] > authorizing via signed-in user
[debug] [2019-09-08T17:37:44.218Z] [iam] checking project angular-crud-firebase-9d4e9 for permissions ["firebase.projects.get"]
[debug] [2019-09-08T17:37:44.222Z] >>> HTTP REQUEST POST https://cloudresourcemanager.googleapis.com/v1/projects/angular-crud-firebase-9d4e9:testIamPermissions  

[debug] [2019-09-08T17:38:37.792Z] ----------------------------------------------------------------------
[debug] [2019-09-08T17:38:37.808Z] Command:       /opt/nodejs/node-v10.16.0-linux-x64/bin/node /opt/nodejs/node-v10.16.0-linux-x64/bin/firebase serve --debug
[debug] [2019-09-08T17:38:37.809Z] CLI Version:   7.3.0
[debug] [2019-09-08T17:38:37.809Z] Platform:      linux
[debug] [2019-09-08T17:38:37.809Z] Node Version:  v10.16.0
[debug] [2019-09-08T17:38:37.810Z] Time:          Sun Sep 08 2019 12:38:37 GMT-0500 (GMT-05:00)
[debug] [2019-09-08T17:38:37.810Z] ----------------------------------------------------------------------
[debug] 
[debug] [2019-09-08T17:38:37.852Z] > command requires scopes: ["email","openid","https://www.googleapis.com/auth/cloudplatformprojects.readonly","https://www.googleapis.com/auth/firebase","https://www.googleapis.com/auth/cloud-platform"]
[debug] [2019-09-08T17:38:37.853Z] > authorizing via signed-in user
[debug] [2019-09-08T17:38:37.854Z] [iam] checking project angular-crud-firebase-9d4e9 for permissions ["firebase.projects.get"]
[debug] [2019-09-08T17:38:37.858Z] >>> HTTP REQUEST POST https://cloudresourcemanager.googleapis.com/v1/projects/angular-crud-firebase-9d4e9:testIamPermissions  

[debug] [2019-09-08T17:38:38.535Z] <<< HTTP RESPONSE 200
[debug] [2019-09-08T17:38:38.538Z] >>> HTTP REQUEST GET https://firebase.googleapis.com/v1beta1/projects/angular-crud-firebase-9d4e9  
 
[debug] [2019-09-08T17:38:39.207Z] <<< HTTP RESPONSE 200
[info] 
[info] === Serving from '/home/sebastian/Proyectos/Angular/angular-crud-firebase'...
[info] 
[debug] [2019-09-08T17:38:39.210Z] >>> HTTP REQUEST GET https://firebase.googleapis.com/v1beta1/projects/angular-crud-firebase-9d4e9/webApps/-/config  
 
[debug] [2019-09-08T17:38:39.801Z] <<< HTTP RESPONSE 200
[info] i  hosting: Serving hosting files from: dist/angular-crud-firebase
[info] ✔  hosting: Local server: http://localhost:5000
[info] Shutting down...
[debug] [2019-09-08T17:42:44.086Z] ----------------------------------------------------------------------
[debug] [2019-09-08T17:42:44.092Z] Command:       /opt/nodejs/node-v10.16.0-linux-x64/bin/node /opt/nodejs/node-v10.16.0-linux-x64/bin/firebase serve --debug
[debug] [2019-09-08T17:42:44.093Z] CLI Version:   7.3.0
[debug] [2019-09-08T17:42:44.093Z] Platform:      linux
[debug] [2019-09-08T17:42:44.094Z] Node Version:  v10.16.0
[debug] [2019-09-08T17:42:44.094Z] Time:          Sun Sep 08 2019 12:42:44 GMT-0500 (GMT-05:00)
[debug] [2019-09-08T17:42:44.094Z] ----------------------------------------------------------------------
[debug] 
[debug] [2019-09-08T17:42:44.104Z] > command requires scopes: ["email","openid","https://www.googleapis.com/auth/cloudplatformprojects.readonly","https://www.googleapis.com/auth/firebase","https://www.googleapis.com/auth/cloud-platform"]
[debug] [2019-09-08T17:42:44.104Z] > authorizing via signed-in user
[debug] [2019-09-08T17:42:44.106Z] [iam] checking project angular-crud-firebase-9d4e9 for permissions ["firebase.projects.get"]
[debug] [2019-09-08T17:42:44.115Z] >>> HTTP REQUEST POST https://cloudresourcemanager.googleapis.com/v1/projects/angular-crud-firebase-9d4e9:testIamPermissions  

[debug] [2019-09-08T17:42:44.609Z] <<< HTTP RESPONSE 200
[debug] [2019-09-08T17:42:44.615Z] >>> HTTP REQUEST GET https://firebase.googleapis.com/v1beta1/projects/angular-crud-firebase-9d4e9  
 
[debug] [2019-09-08T17:42:45.035Z] <<< HTTP RESPONSE 200
[info] 
[info] === Serving from '/home/sebastian/Proyectos/Angular/angular-crud-firebase'...
[info] 
[debug] [2019-09-08T17:42:45.040Z] >>> HTTP REQUEST GET https://firebase.googleapis.com/v1beta1/projects/angular-crud-firebase-9d4e9/webApps/-/config  
 
[debug] [2019-09-08T17:42:45.542Z] <<< HTTP RESPONSE 200
[info] i  hosting: Serving hosting files from: dist/angular-crud-firebase
[info] ✔  hosting: Local server: http://localhost:5000
